22:38:15: Creating resource group General
22:38:15: Creating resource group OgreInternal
22:38:15: Creating resource group OgreAutodetect
22:38:15: Registering ResourceManager for type Mesh
22:38:15: Registering ResourceManager for type Material
22:38:15: Registering ResourceManager for type Skeleton
22:38:15: XMLMeshSerializer reading mesh data from Sphere.mesh.xml...
22:38:15: Reading geometry...
22:38:15: Geometry done...
22:38:15: Reading submeshes...
22:38:15: Submeshes done.
22:38:15: Reading mesh names...
22:38:15: Mesh names done.
22:38:15: XMLMeshSerializer import successful.
22:38:15: MeshSerializer writing mesh data to stream ...
22:38:15: File header written.
22:38:15: Writing mesh data...
22:38:15: Writing submesh...
22:38:15: Exporting submesh texture aliases...
22:38:15: Submesh texture aliases exported.
22:38:15: Submesh exported.
22:38:15: Writing submesh...
22:38:15: Exporting submesh texture aliases...
22:38:15: Submesh texture aliases exported.
22:38:15: Submesh exported.
22:38:15: Writing submesh...
22:38:15: Exporting submesh texture aliases...
22:38:15: Submesh texture aliases exported.
22:38:15: Submesh exported.
22:38:15: Exporting bounds information....
22:38:15: Bounds information exported.
22:38:15: Exporting submesh name table...
22:38:15: Submesh name table exported.
22:38:15: Mesh data exported.
22:38:15: MeshSerializer export successful.
22:38:15: Unregistering ResourceManager for type Skeleton
22:38:15: Unregistering ResourceManager for type Material
22:38:15: Unregistering ResourceManager for type Mesh
