00:32:27: Creating resource group General
00:32:27: Creating resource group OgreInternal
00:32:27: Creating resource group OgreAutodetect
00:32:27: Registering ResourceManager for type Mesh
00:32:27: Registering ResourceManager for type Material
00:32:27: Registering ResourceManager for type Skeleton
00:32:27: XMLMeshSerializer reading mesh data from Cilindro.001.mesh.xml...
00:32:27: Reading geometry...
00:32:27: Geometry done...
00:32:27: Reading submeshes...
00:32:27: Submeshes done.
00:32:27: Skeleton: Loading Cilindro.001.skeleton
00:32:27: FileNotFoundException: Cannot locate resource Cilindro.001.skeleton in resource group General. in ResourceGroupManager::openResource at /home/paul/Documents/install_ogre/ogre-1.11.4/OgreMain/src/OgreResourceGroupManager.cpp (line 704)
00:32:27: Error: Unable to load skeleton 'Cilindro.001.skeleton' for Mesh 'conversion'. This Mesh will not be animated. You can ignore this message if you are using an offline tool.
00:32:27: Reading bone assignments...
00:32:27: Bone assignments done.
00:32:27: Reading mesh names...
00:32:27: Mesh names done.
00:32:27: XMLMeshSerializer import successful.
00:32:27: MeshSerializer writing mesh data to stream ...
00:32:27: File header written.
00:32:27: Writing mesh data...
00:32:27: Writing submesh...
00:32:27: Exporting submesh texture aliases...
00:32:27: Submesh texture aliases exported.
00:32:27: Submesh exported.
00:32:27: Exporting skeleton link...
00:32:27: Skeleton link exported.
00:32:27: Exporting shared geometry bone assignments...
00:32:27: Shared geometry bone assignments exported.
00:32:27: Exporting bounds information....
00:32:27: Bounds information exported.
00:32:27: Exporting submesh name table...
00:32:27: Submesh name table exported.
00:32:27: Mesh data exported.
00:32:27: MeshSerializer export successful.
00:32:27: Unregistering ResourceManager for type Skeleton
00:32:27: Unregistering ResourceManager for type Material
00:32:27: Unregistering ResourceManager for type Mesh
