21:31:04: Creating resource group General
21:31:04: Creating resource group OgreInternal
21:31:04: Creating resource group OgreAutodetect
21:31:04: Registering ResourceManager for type Mesh
21:31:04: Registering ResourceManager for type Material
21:31:04: Registering ResourceManager for type Skeleton
21:31:04: XMLMeshSerializer reading mesh data from Bison.mesh.xml...
21:31:04: Reading geometry...
21:31:04: Geometry done...
21:31:04: Reading submeshes...
21:31:04: Submeshes done.
21:31:04: Reading mesh names...
21:31:04: Mesh names done.
21:31:04: XMLMeshSerializer import successful.
21:31:04: Reorganising vertex buffers to automatic layout...
21:31:04: MeshSerializer writing mesh data to stream ...
21:31:04: File header written.
21:31:04: Writing mesh data...
21:31:04: Writing submesh...
21:31:04: Exporting submesh texture aliases...
21:31:04: Submesh texture aliases exported.
21:31:04: Submesh exported.
21:31:04: Exporting bounds information....
21:31:04: Bounds information exported.
21:31:04: Exporting submesh name table...
21:31:04: Submesh name table exported.
21:31:04: Mesh data exported.
21:31:04: MeshSerializer export successful.
21:31:04: Unregistering ResourceManager for type Skeleton
21:31:04: Unregistering ResourceManager for type Material
21:31:04: Unregistering ResourceManager for type Mesh
