21:36:31: Creating resource group General
21:36:31: Creating resource group OgreInternal
21:36:31: Creating resource group OgreAutodetect
21:36:31: Registering ResourceManager for type Mesh
21:36:31: Registering ResourceManager for type Material
21:36:31: Registering ResourceManager for type Skeleton
21:36:31: XMLMeshSerializer reading mesh data from 10047_Sheep_v1.mesh.xml...
21:36:31: Reading geometry...
21:36:31: Geometry done...
21:36:31: Reading submeshes...
21:36:31: Submeshes done.
21:36:31: Reading mesh names...
21:36:31: Mesh names done.
21:36:31: XMLMeshSerializer import successful.
21:36:31: MeshSerializer writing mesh data to stream ...
21:36:31: File header written.
21:36:31: Writing mesh data...
21:36:31: Writing submesh...
21:36:31: Exporting submesh texture aliases...
21:36:31: Submesh texture aliases exported.
21:36:31: Submesh exported.
21:36:31: Exporting bounds information....
21:36:31: Bounds information exported.
21:36:31: Exporting submesh name table...
21:36:31: Submesh name table exported.
21:36:31: Mesh data exported.
21:36:31: MeshSerializer export successful.
21:36:31: Unregistering ResourceManager for type Skeleton
21:36:31: Unregistering ResourceManager for type Material
21:36:31: Unregistering ResourceManager for type Mesh
