21:46:24: Creating resource group General
21:46:24: Creating resource group OgreInternal
21:46:24: Creating resource group OgreAutodetect
21:46:24: Registering ResourceManager for type Mesh
21:46:24: Registering ResourceManager for type Material
21:46:24: Registering ResourceManager for type Skeleton
21:46:24: XMLMeshSerializer reading mesh data from _20434_Horse.mesh.xml...
21:46:25: Reading geometry...
21:46:25: Geometry done...
21:46:25: Reading submeshes...
21:46:26: Submeshes done.
21:46:26: Reading mesh names...
21:46:26: Mesh names done.
21:46:26: XMLMeshSerializer import successful.
21:46:26: Reorganising vertex buffers to automatic layout...
21:46:26: MeshSerializer writing mesh data to stream ...
21:46:26: File header written.
21:46:26: Writing mesh data...
21:46:26: Writing submesh...
21:46:26: Exporting submesh texture aliases...
21:46:26: Submesh texture aliases exported.
21:46:26: Submesh exported.
21:46:26: Exporting bounds information....
21:46:26: Bounds information exported.
21:46:26: Exporting submesh name table...
21:46:26: Submesh name table exported.
21:46:26: Mesh data exported.
21:46:26: MeshSerializer export successful.
21:46:26: Unregistering ResourceManager for type Skeleton
21:46:26: Unregistering ResourceManager for type Material
21:46:26: Unregistering ResourceManager for type Mesh
